2018-12-03 21:21:01,935 - INFO    - Auth provider built
2018-12-03 21:21:01,935 - INFO    - Tracking provider built
2018-12-03 21:21:01,935 - INFO    - Shares provider built
2018-12-03 21:21:01,935 - INFO    - Items provider built
2018-12-03 21:21:01,938 - INFO    - Server started - 5000 - True
2018-12-03 21:25:11,438 - INFO    - Auth provider built
2018-12-03 21:25:11,439 - INFO    - Tracking provider built
2018-12-03 21:25:11,439 - INFO    - Shares provider built
2018-12-03 21:25:11,439 - INFO    - Items provider built
2018-12-03 21:25:11,442 - INFO    - Server started - 5000 - True
2018-12-03 21:25:24,556 - INFO    - Auth provider built
2018-12-03 21:25:24,556 - INFO    - Tracking provider built
2018-12-03 21:25:24,556 - INFO    - Shares provider built
2018-12-03 21:25:24,556 - INFO    - Items provider built
2018-12-03 21:25:24,559 - INFO    - Server started - 5000 - True
2018-12-03 21:27:40,366 - INFO    - Auth provider built
2018-12-03 21:27:40,367 - INFO    - Tracking provider built
2018-12-03 21:27:40,367 - INFO    - Shares provider built
2018-12-03 21:27:40,368 - INFO    - Items provider built
2018-12-03 21:27:40,372 - INFO    - Server started - 5000 - True
